<?xml version="1.0" encoding="UTF-8"?>
<testsuite name="com.example.support_management.SupportManagementApplicationTests" tests="1" skipped="0" failures="0" errors="0" timestamp="2023-12-04T03:05:07" hostname="DESKTOP-FB7HCB6" time="0.993">
  <properties/>
  <testcase name="contextLoads()" classname="com.example.support_management.SupportManagementApplicationTests" time="0.993"/>
  <system-out><![CDATA[00:04:52.481 [Test worker] INFO org.springframework.test.context.support.AnnotationConfigContextLoaderUtils -- Could not detect default configuration classes for test class [com.example.support_management.SupportManagementApplicationTests]: SupportManagementApplicationTests does not declare any static, non-private, non-final, nested classes annotated with @Configuration.
00:04:52.650 [Test worker] INFO org.springframework.boot.test.context.SpringBootTestContextBootstrapper -- Found @SpringBootConfiguration com.example.support_management.SupportManagementApplication for test class com.example.support_management.SupportManagementApplicationTests

  .   ____          _            __ _ _
 /\\ / ___'_ __ _ _(_)_ __  __ _ \ \ \ \
( ( )\___ | '_ | '_| | '_ \/ _` | \ \ \ \
 \\/  ___)| |_)| | | | | || (_| |  ) ) ) )
  '  |____| .__|_| |_|_| |_\__, | / / / /
 =========|_|==============|___/=/_/_/_/
 :: Spring Boot ::                (v3.1.5)

2023-12-04T00:04:53.467-03:00  INFO 5768 --- [    Test worker] c.e.s.SupportManagementApplicationTests  : Starting SupportManagementApplicationTests using Java 17.0.9 with PID 5768 (started by santiago in C:\Users\santiago\Desktop\base\PSA-Support-Management\PSA-Support-Management)
2023-12-04T00:04:53.471-03:00  INFO 5768 --- [    Test worker] c.e.s.SupportManagementApplicationTests  : No active profile set, falling back to 1 default profile: "default"
2023-12-04T00:04:55.356-03:00  INFO 5768 --- [    Test worker] .s.d.r.c.RepositoryConfigurationDelegate : Bootstrapping Spring Data JPA repositories in DEFAULT mode.
2023-12-04T00:04:55.560-03:00  INFO 5768 --- [    Test worker] .s.d.r.c.RepositoryConfigurationDelegate : Finished Spring Data repository scanning in 166 ms. Found 9 JPA repository interfaces.
2023-12-04T00:04:56.635-03:00  INFO 5768 --- [    Test worker] o.hibernate.jpa.internal.util.LogHelper  : HHH000204: Processing PersistenceUnitInfo [name: default]
2023-12-04T00:04:56.815-03:00  INFO 5768 --- [    Test worker] org.hibernate.Version                    : HHH000412: Hibernate ORM core version 6.2.13.Final
2023-12-04T00:04:56.825-03:00  INFO 5768 --- [    Test worker] org.hibernate.cfg.Environment            : HHH000406: Using bytecode reflection optimizer
2023-12-04T00:04:57.472-03:00  INFO 5768 --- [    Test worker] o.s.o.j.p.SpringPersistenceUnitInfo      : No LoadTimeWeaver setup: ignoring JPA class transformer
2023-12-04T00:04:57.526-03:00  INFO 5768 --- [    Test worker] com.zaxxer.hikari.HikariDataSource       : HikariPool-1 - Starting...
2023-12-04T00:04:59.618-03:00  INFO 5768 --- [    Test worker] com.zaxxer.hikari.pool.HikariPool        : HikariPool-1 - Added connection org.postgresql.jdbc.PgConnection@38e00b47
2023-12-04T00:04:59.622-03:00  INFO 5768 --- [    Test worker] com.zaxxer.hikari.HikariDataSource       : HikariPool-1 - Start completed.
2023-12-04T00:05:02.123-03:00  INFO 5768 --- [    Test worker] o.h.e.t.j.p.i.JtaPlatformInitiator       : HHH000489: No JTA platform available (set 'hibernate.transaction.jta.platform' to enable JTA platform integration)
2023-12-04T00:05:02.889-03:00  INFO 5768 --- [    Test worker] j.LocalContainerEntityManagerFactoryBean : Initialized JPA EntityManagerFactory for persistence unit 'default'
2023-12-04T00:05:03.635-03:00  INFO 5768 --- [    Test worker] o.s.d.j.r.query.QueryEnhancerFactory     : Hibernate is in classpath; If applicable, HQL parser will be used.
2023-12-04T00:05:06.704-03:00  WARN 5768 --- [    Test worker] JpaBaseConfiguration$JpaWebConfiguration : spring.jpa.open-in-view is enabled by default. Therefore, database queries may be performed during view rendering. Explicitly configure spring.jpa.open-in-view to disable this warning
2023-12-04T00:05:07.876-03:00  INFO 5768 --- [    Test worker] c.e.s.SupportManagementApplicationTests  : Started SupportManagementApplicationTests in 14.917 seconds (process running for 17.459)
]]></system-out>
  <system-err><![CDATA[]]></system-err>
</testsuite>
